Charm++: standalone mode (not using charmrun)
Charm++> Running in Multicore mode:  1 threads
Charm++> Using recursive bisection (scheme 3) for topology aware partitions
Converse/Charm++ Commit ID: v6.8.2-0-g26d4bd8-namd-charm-6.8.2-build-2018-Jan-11-30463
Warning> Randomization of virtual memory (ASLR) is turned on in the kernel, thread migration may not work! Run 'echo 0 > /proc/sys/kernel/randomize_va_space' as root to disable it, or try running with '+isomalloc_sync'.
CharmLB> Load balancer assumes all CPUs are same.
Charm++> Running on 1 unique compute nodes (12-way SMP).
Charm++> cpu topology info is gathered in 0.000 seconds.
Info: NAMD Git-2018-10-19 for Linux-x86_64-multicore
Info: 
Info: Please visit http://www.ks.uiuc.edu/Research/namd/
Info: for updates, documentation, and support information.
Info: 
Info: Please cite Phillips et al., J. Comp. Chem. 26:1781-1802 (2005)
Info: in all publications reporting results obtained with NAMD.
Info: 
Info: Based on Charm++/Converse 60800 for multicore-linux64-iccstatic
Info: Built Fri Oct 19 01:57:46 CDT 2018 by jim on ganymede.ks.uiuc.edu
Info: 1 NAMD  Git-2018-10-19  Linux-x86_64-multicore  1    Kush  kushagra
Info: Running on 1 processors, 1 nodes, 1 physical nodes.
Info: CPU topology information available.
Info: Charm++/Converse parallel runtime startup completed at 0.0013411 s
CkLoopLib is used in SMP with a simple dynamic scheduling (converse-level notification) but not using node-level queue
Info: 49.2773 MB of memory in use based on /proc/self/stat
Info: Configuration file is production.conf
Info: Working in the current directory /home/kushagra/Downloads
TCL: Suspending until startup complete.
Info: EXTENDED SYSTEM FILE   butaneunsol.xsc
Info: SIMULATION PARAMETERS:
Info: TIMESTEP               2
Info: NUMBER OF STEPS        50000
Info: STEPS PER CYCLE        20
Info: LOAD BALANCER  Centralized
Info: LOAD BALANCING STRATEGY  New Load Balancers -- DEFAULT
Info: LDB PERIOD             4000 steps
Info: FIRST LDB TIMESTEP     100
Info: LAST LDB TIMESTEP     -1
Info: LDB BACKGROUND SCALING 1
Info: HOM BACKGROUND SCALING 1
Info: MIN ATOMS PER PATCH    40
Info: VELOCITY FILE          butaneunsol.vel
Info: CENTER OF MASS MOVING INITIALLY? NO
Info: DIELECTRIC             1
Info: EXCLUDE                SCALED ONE-FOUR
Info: 1-4 ELECTROSTATICS SCALED BY 1
Info: MODIFIED 1-4 VDW PARAMETERS WILL BE USED
Info: DCD FILENAME           finalbutaunsol.dcd
Info: DCD FREQUENCY          2500
Info: DCD FIRST STEP         2500
Info: DCD FILE WILL CONTAIN UNIT CELL DATA
Info: XST FILENAME           finalbutaunsol.xst
Info: XST FREQUENCY          5000
Info: NO VELOCITY DCD OUTPUT
Info: NO FORCE DCD OUTPUT
Info: OUTPUT FILENAME        finalbutaunsol
Info: BINARY OUTPUT FILES WILL BE USED
Info: RESTART FILENAME       finalbutaunsol.restart
Info: RESTART FREQUENCY      2500
Info: BINARY RESTART FILES WILL BE USED
Info: SWITCHING ACTIVE
Info: VDW FORCE SWITCHING ACTIVE
Info: SWITCHING ON           10
Info: SWITCHING OFF          12
Info: PAIRLIST DISTANCE      16
Info: PAIRLIST SHRINK RATE   0.01
Info: PAIRLIST GROW RATE     0.01
Info: PAIRLIST TRIGGER       0.3
Info: PAIRLISTS PER CYCLE    2
Info: PAIRLISTS ENABLED
Info: MARGIN                 0
Info: HYDROGEN GROUP CUTOFF  2.5
Info: PATCH DIMENSION        18.5
Info: ENERGY OUTPUT STEPS    500
Info: CROSSTERM ENERGY INCLUDED IN DIHEDRAL
Info: TIMING OUTPUT STEPS    1000
Info: LANGEVIN DYNAMICS ACTIVE
Info: LANGEVIN TEMPERATURE   303.15
Info: LANGEVIN USING BBK INTEGRATOR
Info: LANGEVIN DAMPING COEFFICIENT IS 1 INVERSE PS
Info: LANGEVIN DYNAMICS NOT APPLIED TO HYDROGENS
Info: USING VERLET I (r-RESPA) MTS SCHEME.
Info: C1 SPLITTING OF LONG RANGE ELECTROSTATICS
Info: PLACING ATOMS IN PATCHES BY HYDROGEN GROUPS
Info: RIGID BONDS TO HYDROGEN : ALL
Info:         ERROR TOLERANCE : 1e-08
Info:          MAX ITERATIONS : 100
Info: RIGID WATER USING SETTLE ALGORITHM
Info: RANDOM NUMBER SEED     1540340183
Info: USE HYDROGEN BONDS?    NO
Info: COORDINATE PDB         Butane_autopsf.pdb
Info: STRUCTURE FILE         Butane_autopsf.psf
Info: PARAMETER file: CHARMM format! 
Info: PARAMETERS             toppar/par_all36m_prot.prm
Info: PARAMETERS             toppar/par_all36_na.prm
Info: PARAMETERS             toppar/par_all36_carb.prm
Info: PARAMETERS             toppar/par_all36_lipid.prm
Info: PARAMETERS             toppar/par_all36_cgenff.prm
Info: PARAMETERS             toppar_water_ions.str
Info: USING ARITHMETIC MEAN TO COMBINE L-J SIGMA PARAMETERS
Info: BINARY COORDINATES     butaneunsol.coor
Info: SUMMARY OF PARAMETERS:
Info: 953 BONDS
Info: 2799 ANGLES
Info: 6874 DIHEDRAL
Info: 196 IMPROPER
Info: 6 CROSSTERM
Info: 355 VDW
Info: 94 VDW_PAIRS
Info: 0 NBTHOLE_PAIRS
Info: TIME FOR READING PSF FILE: 0.000413895
Info: Reading pdb file Butane_autopsf.pdb
Info: TIME FOR READING PDB FILE: 3.09944e-05
Info: 
Info: ****************************
Info: STRUCTURE SUMMARY:
Info: 14 ATOMS
Info: 13 BONDS
Info: 24 ANGLES
Info: 27 DIHEDRALS
Info: 0 IMPROPERS
Info: 0 CROSSTERMS
Info: 0 EXCLUSIONS
Info: 10 RIGID BONDS
Info: 32 DEGREES OF FREEDOM
Info: 4 HYDROGEN GROUPS
Info: 4 ATOMS IN LARGEST HYDROGEN GROUP
Info: 4 MIGRATION GROUPS
Info: 4 ATOMS IN LARGEST MIGRATION GROUP
Info: TOTAL MASS = 58.124 amu
Info: TOTAL CHARGE = 0 e
Info: *****************************
Info: Reading from binary file butaneunsol.coor
Info: 
Info: Entering startup at 0.168878 s, 87.5312 MB of memory in use
Info: Startup phase 0 took 2.69413e-05 s, 87.5312 MB of memory in use
Info: ADDED 64 IMPLICIT EXCLUSIONS
Info: Startup phase 1 took 0.000505924 s, 88.0586 MB of memory in use
Info: NONBONDED TABLE R-SQUARED SPACING: 0.0625
Info: NONBONDED TABLE SIZE: 769 POINTS
Info: ABSOLUTE IMPRECISION IN FAST TABLE ENERGY: 2.53117e-21 AT 11.9974
Info: RELATIVE IMPRECISION IN FAST TABLE ENERGY: 1.68907e-16 AT 11.9974
Info: INCONSISTENCY IN FAST TABLE ENERGY VS FORCE: 0.000290274 AT 0.251946
Info: ABSOLUTE IMPRECISION IN VDWA TABLE ENERGY: 9.6778e-33 AT 11.9974
Info: RELATIVE IMPRECISION IN VDWA TABLE ENERGY: 3.71539e-17 AT 11.9974
Info: INCONSISTENCY IN VDWA TABLE ENERGY VS FORCE: 0.0040507 AT 0.251946
Info: ABSOLUTE IMPRECISION IN VDWB TABLE ENERGY: 9.34011e-27 AT 11.9974
Info: RELATIVE IMPRECISION IN VDWB TABLE ENERGY: 2.98256e-17 AT 11.9974
Info: INCONSISTENCY IN VDWB TABLE ENERGY VS FORCE: 0.00150189 AT 0.251946
Info: Startup phase 2 took 0.00220013 s, 91.8047 MB of memory in use
Info: Startup phase 3 took 1.69277e-05 s, 91.8047 MB of memory in use
Info: Startup phase 4 took 1.21593e-05 s, 91.8047 MB of memory in use
Info: Startup phase 5 took 1.09673e-05 s, 91.8047 MB of memory in use
Info: ORIGINAL ATOMS MINMAX IS -0.898753 5.69997 -22.7013  2.90071 7.72091 -17.6471
Info: ADJUSTED ATOMS MINMAX IS -1.16255 5.51963 -21.9671  3.29606 7.88402 -18.3834
Info: PATCH GRID IS 1 BY 1 BY 1
Info: PATCH GRID IS 1-AWAY BY 1-AWAY BY 1-AWAY
Info: Reading from binary file butaneunsol.vel
Info: REMOVING COM VELOCITY -1.60736 0.737763 -2.11768
Info: LARGEST PATCH (0) HAS 14 ATOMS
Info: TORUS A SIZE 1 USING 0
Info: TORUS B SIZE 1 USING 0
Info: TORUS C SIZE 1 USING 0
Info: TORUS MINIMAL MESH SIZE IS 1 BY 1 BY 1
Info: Placed 100% of base nodes on same physical node as patch
Info: Startup phase 6 took 8.4877e-05 s, 91.8047 MB of memory in use
Info: Startup phase 7 took 1.40667e-05 s, 91.8047 MB of memory in use
Info: Startup phase 8 took 1.09673e-05 s, 91.8047 MB of memory in use
Info: Startup phase 9 took 1.19209e-05 s, 91.8047 MB of memory in use
Info: Startup phase 10 took 1.00136e-05 s, 91.8047 MB of memory in use
Info: Startup phase 11 took 1.09673e-05 s, 91.8047 MB of memory in use
LDB: Central LB being created...
Info: Startup phase 12 took 2.12193e-05 s, 91.8047 MB of memory in use
Info: CREATING 11 COMPUTE OBJECTS
Info: Startup phase 13 took 0.000160933 s, 91.8047 MB of memory in use
Info: Startup phase 14 took 1.5974e-05 s, 91.8047 MB of memory in use
Info: Startup phase 15 took 1.90735e-05 s, 92.0547 MB of memory in use
Info: Finished startup at 0.172011 s, 92.0547 MB of memory in use

TCL: Original numsteps 50000 will be ignored.
TCL: Running for 50000 steps
ETITLE:      TS           BOND          ANGLE          DIHED          IMPRP               ELECT            VDW       BOUNDARY           MISC        KINETIC               TOTAL           TEMP      POTENTIAL         TOTAL3        TEMPAVG

ENERGY:       0         0.1403         5.3091         0.7406         0.0000              3.4994        -0.3754         0.0000         0.0000         8.9054             18.2193       280.0863         9.3140        18.3035       280.0863

OPENING EXTENDED SYSTEM TRAJECTORY FILE
LDB: ============= START OF LOAD BALANCING ============== 0.172468
LDB: ============== END OF LOAD BALANCING =============== 0.172482
LDB: =============== DONE WITH MIGRATION ================ 0.172539
LDB: ============= START OF LOAD BALANCING ============== 0.173637
LDB: ============== END OF LOAD BALANCING =============== 0.173643
LDB: =============== DONE WITH MIGRATION ================ 0.173678
Info: Initial time: 1 CPUs 1.45316e-05 s/step 8.4095e-05 days/ns 92.1836 MB memory
LDB: ============= START OF LOAD BALANCING ============== 0.173973
LDB: ============== END OF LOAD BALANCING =============== 0.173979
LDB: =============== DONE WITH MIGRATION ================ 0.174001
LDB: ============= START OF LOAD BALANCING ============== 0.175093
LDB: ============== END OF LOAD BALANCING =============== 0.1751
LDB: =============== DONE WITH MIGRATION ================ 0.175128
Info: Initial time: 1 CPUs 1.36089e-05 s/step 7.87554e-05 days/ns 92.1836 MB memory
LDB: ============= START OF LOAD BALANCING ============== 0.176507
LDB: ============== END OF LOAD BALANCING =============== 0.176513
LDB: =============== DONE WITH MIGRATION ================ 0.176541
Info: Initial time: 1 CPUs 1.3597e-05 s/step 7.86864e-05 days/ns 92.1836 MB memory
LDB: ============= START OF LOAD BALANCING ============== 0.17792
LDB: ============== END OF LOAD BALANCING =============== 0.177926
LDB: =============== DONE WITH MIGRATION ================ 0.177954
Info: Benchmark time: 1 CPUs 1.36018e-05 s/step 7.8714e-05 days/ns 92.1836 MB memory
Info: Benchmark time: 1 CPUs 1.32394e-05 s/step 7.66168e-05 days/ns 92.1836 MB memory
ENERGY:     500         0.3293         7.8856         0.2558         0.0000              3.7274         0.0033         0.0000         0.0000        12.3320             24.5333       387.8575        12.2014        24.6364       297.2677

Info: Benchmark time: 1 CPUs 1.32203e-05 s/step 7.65064e-05 days/ns 92.1836 MB memory
Info: Benchmark time: 1 CPUs 1.31297e-05 s/step 7.59821e-05 days/ns 92.1836 MB memory
Info: Benchmark time: 1 CPUs 1.31392e-05 s/step 7.60373e-05 days/ns 92.1836 MB memory
Info: Benchmark time: 1 CPUs 1.31106e-05 s/step 7.58717e-05 days/ns 92.1836 MB memory
TIMING: 1000  CPU: 0.012822, 1.2619e-05/step  Wall: 0.0140932, 1.38321e-05/step, 0.00018827 hours remaining, 92.183594 MB of memory in use.
ENERGY:    1000         0.2267         7.8098         1.0899         0.0000              3.6475        -0.5329         0.0000         0.0000        13.8903             26.1312       436.8704        12.2409        26.2834       359.3878

ENERGY:    1500         0.1007         7.9114         0.7503         0.0000              3.9256        -0.4680         0.0000         0.0000        13.3675             25.5874       420.4258        12.2199        25.8685       439.4224

TIMING: 2000  CPU: 0.027259, 1.4437e-05/step  Wall: 0.0272551, 1.31619e-05/step, 0.000175492 hours remaining, 92.183594 MB of memory in use.
ENERGY:    2000         0.0630         7.4047         2.0052         0.0000              4.4165        -0.3336         0.0000         0.0000        11.6825             25.2382       367.4301        13.5558        25.5126       373.2657

ENERGY:    2500         1.5081         8.4339         0.5935         0.0000              3.4993        -0.6102         0.0000         0.0000         9.8793             23.3039       310.7194        13.4246        23.3273       325.2525

WRITING EXTENDED SYSTEM TO RESTART FILE AT STEP 2500
OPENING COORDINATE DCD FILE
WRITING COORDINATES TO DCD FILE finalbutaunsol.dcd AT STEP 2500
WRITING COORDINATES TO RESTART FILE AT STEP 2500
FINISHED WRITING RESTART COORDINATES
The last position output (seq=2500) takes 0.000 seconds, 92.184 MB of memory in use
WRITING VELOCITIES TO RESTART FILE AT STEP 2500
FINISHED WRITING RESTART VELOCITIES
The last velocity output (seq=2500) takes 0.000 seconds, 92.184 MB of memory in use
TIMING: 3000  CPU: 0.03926, 1.2001e-05/step  Wall: 0.0405772, 1.33221e-05/step, 0.000173928 hours remaining, 92.183594 MB of memory in use.
ENERGY:    3000         0.2458         6.1228         0.7110         0.0000              4.4841        -0.4464         0.0000         0.0000        12.6144             23.7317       396.7406        11.1173        24.0120       318.4995

ENERGY:    3500         0.7928         7.2235         0.7143         0.0000              4.0355        -0.6696         0.0000         0.0000        12.0820             24.1785       379.9954        12.0966        24.5033       321.7465

TIMING: 4000  CPU: 0.051261, 1.2001e-05/step  Wall: 0.0536542, 1.3077e-05/step, 0.000167095 hours remaining, 92.183594 MB of memory in use.
ENERGY:    4000         1.1843         6.3037         1.2397         0.0000              3.8001        -0.4648         0.0000         0.0000        13.0441             25.1071       410.2560        12.0630        25.2189       343.9394

LDB: ============= START OF LOAD BALANCING ============== 0.229442
LDB: ============== END OF LOAD BALANCING =============== 0.22945
LDB: =============== DONE WITH MIGRATION ================ 0.229474
LDB: ============= START OF LOAD BALANCING ============== 0.230825
LDB: ============== END OF LOAD BALANCING =============== 0.230831
LDB: =============== DONE WITH MIGRATION ================ 0.230861
ENERGY:    4500         0.6786         5.8234         1.7694         0.0000              4.1450        -0.2591         0.0000         0.0000        11.7868             23.9441       370.7116        12.1573        24.1231       346.5004

TIMING: 5000  CPU: 0.063262, 1.2001e-05/step  Wall: 0.0668421, 1.31879e-05/step, 0.000164849 hours remaining, 92.183594 MB of memory in use.
ETITLE:      TS           BOND          ANGLE          DIHED          IMPRP               ELECT            VDW       BOUNDARY           MISC        KINETIC               TOTAL           TEMP      POTENTIAL         TOTAL3        TEMPAVG

ENERGY:    5000         0.6097        11.4210         0.4150         0.0000              3.9504         0.2387         0.0000         0.0000        12.0930             28.7278       380.3425        16.6348        28.8381       379.7247

WRITING EXTENDED SYSTEM TO RESTART FILE AT STEP 5000
WRITING COORDINATES TO DCD FILE finalbutaunsol.dcd AT STEP 5000
WRITING COORDINATES TO RESTART FILE AT STEP 5000
FINISHED WRITING RESTART COORDINATES
The last position output (seq=5000) takes 0.000 seconds, 92.184 MB of memory in use
WRITING VELOCITIES TO RESTART FILE AT STEP 5000
FINISHED WRITING RESTART VELOCITIES
The last velocity output (seq=5000) takes 0.000 seconds, 92.184 MB of memory in use
ENERGY:    5500         0.5600         9.4636         1.9581         0.0000              4.2382        -0.2915         0.0000         0.0000        11.0353             26.9638       347.0764        15.9285        27.0997       356.6538

TIMING: 6000  CPU: 0.079264, 1.6002e-05/step  Wall: 0.079998, 1.31559e-05/step, 0.000160795 hours remaining, 92.183594 MB of memory in use.
ENERGY:    6000         0.6876         7.0140         0.4052         0.0000              4.2962        -0.4803         0.0000         0.0000        11.2745             23.1971       354.5987        11.9226        23.3223       323.4154

ENERGY:    6500         1.1337         6.9714         0.5559         0.0000              4.1808         0.7709         0.0000         0.0000        12.4445             26.0573       391.3980        13.6128        26.2716       361.7542

TIMING: 7000  CPU: 0.091265, 1.2001e-05/step  Wall: 0.092802, 1.2804e-05/step, 0.000152937 hours remaining, 92.183594 MB of memory in use.
ENERGY:    7000         0.4818         6.4643         1.4919         0.0000              4.2417        -0.4129         0.0000         0.0000        14.3626             26.6294       451.7230        12.2669        26.9832       397.5889

ENERGY:    7500         0.1540         7.0532         1.5053         0.0000              4.5443        -0.3261         0.0000         0.0000        11.4108             24.3416       358.8851        12.9308        24.5471       344.0095

WRITING EXTENDED SYSTEM TO RESTART FILE AT STEP 7500
WRITING COORDINATES TO DCD FILE finalbutaunsol.dcd AT STEP 7500
WRITING COORDINATES TO RESTART FILE AT STEP 7500
FINISHED WRITING RESTART COORDINATES
The last position output (seq=7500) takes 0.000 seconds, 92.184 MB of memory in use
WRITING VELOCITIES TO RESTART FILE AT STEP 7500
FINISHED WRITING RESTART VELOCITIES
The last velocity output (seq=7500) takes 0.000 seconds, 92.184 MB of memory in use
TIMING: 8000  CPU: 0.103266, 1.2001e-05/step  Wall: 0.105842, 1.30401e-05/step, 0.000152134 hours remaining, 92.183594 MB of memory in use.
ENERGY:    8000         1.3384         4.8648         0.8585         0.0000              4.0200         0.0742         0.0000         0.0000        12.7341             23.8900       400.5070        11.1558        24.1960       328.6760

LDB: ============= START OF LOAD BALANCING ============== 0.282205
LDB: ============== END OF LOAD BALANCING =============== 0.282223
LDB: =============== DONE WITH MIGRATION ================ 0.282273
LDB: ============= START OF LOAD BALANCING ============== 0.283747
LDB: ============== END OF LOAD BALANCING =============== 0.283756
LDB: =============== DONE WITH MIGRATION ================ 0.283807
ENERGY:    8500         1.0613         7.9563         1.4362         0.0000              3.6014        -0.4780         0.0000         0.0000         9.3395             22.9167       293.7403        13.5772        22.9989       312.4598

TIMING: 9000  CPU: 0.119267, 1.6001e-05/step  Wall: 0.120031, 1.4189e-05/step, 0.000161597 hours remaining, 92.183594 MB of memory in use.
ENERGY:    9000         0.3188         7.4112         1.2733         0.0000              3.9803         0.4668         0.0000         0.0000         6.9298             20.3802       217.9523        13.4504        20.4058       286.0978

ENERGY:    9500         1.0226         9.5867         2.0318         0.0000              3.8379        -0.3088         0.0000         0.0000         5.8322             22.0024       183.4309        16.1702        22.0022       278.5736

TIMING: 10000  CPU: 0.135269, 1.6002e-05/step  Wall: 0.136996, 1.69649e-05/step, 0.000188499 hours remaining, 92.183594 MB of memory in use.
ETITLE:      TS           BOND          ANGLE          DIHED          IMPRP               ELECT            VDW       BOUNDARY           MISC        KINETIC               TOTAL           TEMP      POTENTIAL         TOTAL3        TEMPAVG

ENERGY:   10000         1.3666         8.8209         1.8847         0.0000              4.6447        -0.1102         0.0000         0.0000         9.4744             26.0810       297.9844        16.6066        26.1992       294.4596

WRITING EXTENDED SYSTEM TO RESTART FILE AT STEP 10000
WRITING COORDINATES TO DCD FILE finalbutaunsol.dcd AT STEP 10000
WRITING COORDINATES TO RESTART FILE AT STEP 10000
FINISHED WRITING RESTART COORDINATES
The last position output (seq=10000) takes 0.000 seconds, 92.184 MB of memory in use
WRITING VELOCITIES TO RESTART FILE AT STEP 10000
FINISHED WRITING RESTART VELOCITIES
The last velocity output (seq=10000) takes 0.000 seconds, 92.184 MB of memory in use
ENERGY:   10500         1.3182         6.3322         1.2430         0.0000              4.7997        -0.5919         0.0000         0.0000        10.1974             23.2985       320.7221        13.1011        23.5899       375.2535

TIMING: 11000  CPU: 0.151272, 1.6003e-05/step  Wall: 0.154849, 1.7853e-05/step, 0.000193408 hours remaining, 92.183594 MB of memory in use.
ENERGY:   11000         0.6372        11.5743         1.0989         0.0000              4.9141        -0.4900         0.0000         0.0000         6.9451             24.6797       218.4323        17.7346        24.8150       307.7895

ENERGY:   11500         0.4619         9.7461         0.6852         0.0000              4.7983        -0.5498         0.0000         0.0000        11.1896             26.3315       351.9300        15.1418        26.5339       379.6822

TIMING: 12000  CPU: 0.167272, 1.6e-05/step  Wall: 0.170314, 1.5465e-05/step, 0.000163242 hours remaining, 92.183594 MB of memory in use.
ENERGY:   12000         0.6314        10.2560         1.2624         0.0000              4.6633        -0.3239         0.0000         0.0000        11.9100             28.3993       374.5867        16.4893        28.5964       380.9902

LDB: ============= START OF LOAD BALANCING ============== 0.346131
LDB: ============== END OF LOAD BALANCING =============== 0.346148
LDB: =============== DONE WITH MIGRATION ================ 0.346235
LDB: ============= START OF LOAD BALANCING ============== 0.347655
LDB: ============== END OF LOAD BALANCING =============== 0.347662
LDB: =============== DONE WITH MIGRATION ================ 0.347759
ENERGY:   12500         1.6523        10.8616         0.3264         0.0000              4.9193        -0.2821         0.0000         0.0000        11.9507             29.4282       375.8674        17.4775        29.4472       375.3477

WRITING EXTENDED SYSTEM TO RESTART FILE AT STEP 12500
WRITING COORDINATES TO DCD FILE finalbutaunsol.dcd AT STEP 12500
WRITING COORDINATES TO RESTART FILE AT STEP 12500
FINISHED WRITING RESTART COORDINATES
The last position output (seq=12500) takes 0.000 seconds, 92.184 MB of memory in use
WRITING VELOCITIES TO RESTART FILE AT STEP 12500
FINISHED WRITING RESTART VELOCITIES
The last velocity output (seq=12500) takes 0.000 seconds, 92.184 MB of memory in use
TIMING: 13000  CPU: 0.183274, 1.6002e-05/step  Wall: 0.184983, 1.46689e-05/step, 0.000150764 hours remaining, 92.183594 MB of memory in use.
ENERGY:   13000         0.2656         9.2743         2.4376         0.0000              4.3061         0.0780         0.0000         0.0000        10.8469             27.2086       341.1521        16.3616        27.4071       422.8571

ENERGY:   13500         1.0448         6.8215         1.1100         0.0000              4.0996        -0.4400         0.0000         0.0000        10.8640             23.4999       341.6874        12.6360        23.6331       332.3107

TIMING: 14000  CPU: 0.195275, 1.2001e-05/step  Wall: 0.198467, 1.3484e-05/step, 0.00013484 hours remaining, 92.183594 MB of memory in use.
ENERGY:   14000         0.4604         4.4136         2.3718         0.0000              4.5122        -0.2301         0.0000         0.0000        13.7382             25.2661       432.0866        11.5279        25.4155       347.6730

ENERGY:   14500         0.9508         7.1303         2.2123         0.0000              4.5572        -0.3605         0.0000         0.0000        12.8309             27.3211       403.5488        14.4902        27.4068       374.5940

TIMING: 15000  CPU: 0.211278, 1.6003e-05/step  Wall: 0.214221, 1.5754e-05/step, 0.000153164 hours remaining, 92.183594 MB of memory in use.
ETITLE:      TS           BOND          ANGLE          DIHED          IMPRP               ELECT            VDW       BOUNDARY           MISC        KINETIC               TOTAL           TEMP      POTENTIAL         TOTAL3        TEMPAVG

ENERGY:   15000         0.3404         4.6731         1.8695         0.0000              4.6146        -0.4173         0.0000         0.0000         9.8844             20.9647       310.8781        11.0803        21.2276       325.9338

WRITING EXTENDED SYSTEM TO RESTART FILE AT STEP 15000
WRITING COORDINATES TO DCD FILE finalbutaunsol.dcd AT STEP 15000
WRITING COORDINATES TO RESTART FILE AT STEP 15000
FINISHED WRITING RESTART COORDINATES
The last position output (seq=15000) takes 0.000 seconds, 92.184 MB of memory in use
WRITING VELOCITIES TO RESTART FILE AT STEP 15000
FINISHED WRITING RESTART VELOCITIES
ENERGY:   15500         1.4287         7.6016         2.7117         0.0000              4.2650        -0.0587         0.0000         0.0000         8.6864             24.6347       273.1985        15.9484        24.7588       270.9068

TIMING: 16000  CPU: 0.227278, 1.6e-05/step  Wall: 0.229515, 1.52941e-05/step, 0.000144444 hours remaining, 92.183594 MB of memory in use.
ENERGY:   16000         0.4157        12.8301         0.5617         0.0000              4.5369         0.0352         0.0000         0.0000         6.5129             24.8925       204.8404        18.3796        24.7850       314.7973

LDB: ============= START OF LOAD BALANCING ============== 0.405466
LDB: ============== END OF LOAD BALANCING =============== 0.405487
LDB: =============== DONE WITH MIGRATION ================ 0.405572
LDB: ============= START OF LOAD BALANCING ============== 0.406971
LDB: ============== END OF LOAD BALANCING =============== 0.40698
LDB: =============== DONE WITH MIGRATION ================ 0.407132
ENERGY:   16500         0.3195         9.5890         2.0123         0.0000              4.4867         0.2076         0.0000         0.0000         7.8956             24.5106       248.3281        16.6150        24.5675       333.9965

TIMING: 17000  CPU: 0.24328, 1.6002e-05/step  Wall: 0.244516, 1.50011e-05/step, 0.00013751 hours remaining, 92.183594 MB of memory in use.
ENERGY:   17000         1.0745         6.3848         1.1184         0.0000              4.2877        -0.4830         0.0000         0.0000        13.1286             25.5112       412.9137        12.3825        25.5675       316.4360

ENERGY:   17500         0.4026         8.2383         1.4125         0.0000              4.3037         0.1185         0.0000         0.0000         8.5181             22.9938       267.9073        14.4756        23.0580       334.4871

WRITING EXTENDED SYSTEM TO RESTART FILE AT STEP 17500
WRITING COORDINATES TO DCD FILE finalbutaunsol.dcd AT STEP 17500
WRITING COORDINATES TO RESTART FILE AT STEP 17500
FINISHED WRITING RESTART COORDINATES
The last position output (seq=17500) takes 0.000 seconds, 92.184 MB of memory in use
WRITING VELOCITIES TO RESTART FILE AT STEP 17500
FINISHED WRITING RESTART VELOCITIES
TIMING: 18000  CPU: 0.259281, 1.6001e-05/step  Wall: 0.260434, 1.5918e-05/step, 0.000141493 hours remaining, 92.183594 MB of memory in use.
ENERGY:   18000         1.0279         8.0585         1.6926         0.0000              4.0761        -0.4766         0.0000         0.0000         7.8626             22.2411       247.2907        14.3785        22.2901       297.9236

ENERGY:   18500         0.1033        10.0925         2.3140         0.0000              4.5282        -0.2191         0.0000         0.0000         7.5180             24.3368       236.4505        16.8189        24.3596       317.7104

TIMING: 19000  CPU: 0.271282, 1.2001e-05/step  Wall: 0.274036, 1.3602e-05/step, 0.000117128 hours remaining, 92.183594 MB of memory in use.
ENERGY:   19000         0.1851         5.0084         0.6847         0.0000              4.3471        -0.4410         0.0000         0.0000        14.1055             23.8896       443.6378         9.7841        24.1651       332.1378

ENERGY:   19500         1.5608         7.3388         0.5180         0.0000              4.3753         0.2420         0.0000         0.0000         9.3364             23.3714       293.6436        14.0350        23.4177       324.1566

TIMING: 20000  CPU: 0.287286, 1.6004e-05/step  Wall: 0.288959, 1.49229e-05/step, 0.000124357 hours remaining, 92.183594 MB of memory in use.
ETITLE:      TS           BOND          ANGLE          DIHED          IMPRP               ELECT            VDW       BOUNDARY           MISC        KINETIC               TOTAL           TEMP      POTENTIAL         TOTAL3        TEMPAVG

ENERGY:   20000         0.0701         7.7303         2.1989         0.0000              4.6800        -0.5682         0.0000         0.0000         6.2992             20.4104       198.1203        14.1111        20.6279       289.8013

WRITING EXTENDED SYSTEM TO RESTART FILE AT STEP 20000
WRITING COORDINATES TO DCD FILE finalbutaunsol.dcd AT STEP 20000
WRITING COORDINATES TO RESTART FILE AT STEP 20000
FINISHED WRITING RESTART COORDINATES
The last position output (seq=20000) takes 0.000 seconds, 92.184 MB of memory in use
WRITING VELOCITIES TO RESTART FILE AT STEP 20000
FINISHED WRITING RESTART VELOCITIES
LDB: ============= START OF LOAD BALANCING ============== 0.46519
LDB: ============== END OF LOAD BALANCING =============== 0.465204
LDB: =============== DONE WITH MIGRATION ================ 0.465295
LDB: ============= START OF LOAD BALANCING ============== 0.46668
LDB: ============== END OF LOAD BALANCING =============== 0.466686
LDB: =============== DONE WITH MIGRATION ================ 0.466735
ENERGY:   20500         0.8146         5.6053         2.5390         0.0000              4.5590        -0.2040         0.0000         0.0000         9.8534             23.1672       309.9021        13.3138        23.3682       285.8375

TIMING: 21000  CPU: 0.299286, 1.2e-05/step  Wall: 0.302936, 1.39771e-05/step, 0.000112593 hours remaining, 92.183594 MB of memory in use.
ENERGY:   21000         0.1451         6.7843         0.7418         0.0000              4.4454        -0.5503         0.0000         0.0000         8.8796             20.4459       279.2772        11.5663        20.6219       302.3916

ENERGY:   21500         0.4310         5.3323         1.3040         0.0000              4.1464        -0.5770         0.0000         0.0000        13.3004             23.9372       418.3178        10.6367        24.1161       315.3579

TIMING: 22000  CPU: 0.315287, 1.6001e-05/step  Wall: 0.316401, 1.34649e-05/step, 0.000104727 hours remaining, 92.183594 MB of memory in use.
ENERGY:   22000         0.0169         4.3149         1.8135         0.0000              4.2266        -0.1411         0.0000         0.0000        13.1498             23.3807       413.5797        10.2309        23.6522       354.1218

ENERGY:   22500         0.3056         6.9750         3.6897         0.0000              4.0887         0.1340         0.0000         0.0000         8.5993             23.7923       270.4593        15.1930        23.8953       325.0468

WRITING EXTENDED SYSTEM TO RESTART FILE AT STEP 22500
WRITING COORDINATES TO DCD FILE finalbutaunsol.dcd AT STEP 22500
WRITING COORDINATES TO RESTART FILE AT STEP 22500
FINISHED WRITING RESTART COORDINATES
The last position output (seq=22500) takes 0.000 seconds, 92.184 MB of memory in use
WRITING VELOCITIES TO RESTART FILE AT STEP 22500
FINISHED WRITING RESTART VELOCITIES
TIMING: 23000  CPU: 0.331288, 1.6001e-05/step  Wall: 0.331914, 1.55132e-05/step, 0.000116349 hours remaining, 92.183594 MB of memory in use.
ENERGY:   23000         1.7895         8.2512         3.0808         0.0000              4.1626        -0.0641         0.0000         0.0000         8.4334             25.6533       265.2422        17.2199        25.7284       340.5562

ENERGY:   23500         0.2788         5.9352         2.0543         0.0000              4.6301        -0.5393         0.0000         0.0000         9.9727             22.3319       313.6543        12.3592        22.5840       307.1731

TIMING: 24000  CPU: 0.347293, 1.6005e-05/step  Wall: 0.349195, 1.72808e-05/step, 0.000124806 hours remaining, 92.183594 MB of memory in use.
ENERGY:   24000         0.6168         7.6116         1.7395         0.0000              4.3274        -0.5504         0.0000         0.0000         9.5377             23.2825       299.9756        13.7447        23.4583       313.0889

LDB: ============= START OF LOAD BALANCING ============== 0.525591
LDB: ============== END OF LOAD BALANCING =============== 0.525624
LDB: =============== DONE WITH MIGRATION ================ 0.525722
LDB: ============= START OF LOAD BALANCING ============== 0.52723
LDB: ============== END OF LOAD BALANCING =============== 0.527238
LDB: =============== DONE WITH MIGRATION ================ 0.527302
ENERGY:   24500         0.8828         6.1255         1.3243         0.0000              4.3390        -0.1386         0.0000         0.0000        10.6434             23.1763       334.7511        12.5329        23.2736       322.8851

TIMING: 25000  CPU: 0.363291, 1.5998e-05/step  Wall: 0.363565, 1.43702e-05/step, 9.97931e-05 hours remaining, 92.183594 MB of memory in use.
ETITLE:      TS           BOND          ANGLE          DIHED          IMPRP               ELECT            VDW       BOUNDARY           MISC        KINETIC               TOTAL           TEMP      POTENTIAL         TOTAL3        TEMPAVG

ENERGY:   25000         0.0291         8.1060         1.0346         0.0000              3.9333        -0.1459         0.0000         0.0000        12.0391             24.9962       378.6482        12.9571        25.1527       363.4518

WRITING EXTENDED SYSTEM TO RESTART FILE AT STEP 25000
WRITING COORDINATES TO DCD FILE finalbutaunsol.dcd AT STEP 25000
WRITING COORDINATES TO RESTART FILE AT STEP 25000
FINISHED WRITING RESTART COORDINATES
The last position output (seq=25000) takes 0.000 seconds, 92.184 MB of memory in use
WRITING VELOCITIES TO RESTART FILE AT STEP 25000
FINISHED WRITING RESTART VELOCITIES
ENERGY:   25500         0.9906         9.8743         2.0098         0.0000              3.5782        -0.1706         0.0000         0.0000         9.8751             26.1572       310.5857        16.2822        26.2684       336.2212

TIMING: 26000  CPU: 0.375293, 1.2002e-05/step  Wall: 0.378337, 1.47719e-05/step, 9.84796e-05 hours remaining, 92.183594 MB of memory in use.
ENERGY:   26000         1.7753         9.3542         1.2770         0.0000              3.7664         0.3867         0.0000         0.0000        13.6994             30.2589       430.8653        16.5595        30.4799       356.8776

ENERGY:   26500         0.9556         9.4916         0.8188         0.0000              4.1143        -0.0010         0.0000         0.0000         7.7789             23.1581       244.6564        15.3793        23.2369       378.4585

TIMING: 27000  CPU: 0.391294, 1.6001e-05/step  Wall: 0.391845, 1.35078e-05/step, 8.63001e-05 hours remaining, 92.183594 MB of memory in use.
ENERGY:   27000         0.2568         5.0570         0.9802         0.0000              4.2182        -0.2878         0.0000         0.0000        10.3745             20.5990       326.2944        10.2244        20.8817       290.4061

ENERGY:   27500         0.3216         3.8242         0.9676         0.0000              4.2005        -0.1774         0.0000         0.0000         9.4016             18.5381       295.6937         9.1365        18.7757       254.6258

WRITING EXTENDED SYSTEM TO RESTART FILE AT STEP 27500
WRITING COORDINATES TO DCD FILE finalbutaunsol.dcd AT STEP 27500
WRITING COORDINATES TO RESTART FILE AT STEP 27500
FINISHED WRITING RESTART COORDINATES
WRITING VELOCITIES TO RESTART FILE AT STEP 27500
FINISHED WRITING RESTART VELOCITIES
TIMING: 28000  CPU: 0.403295, 1.2001e-05/step  Wall: 0.405593, 1.37482e-05/step, 8.40166e-05 hours remaining, 92.183594 MB of memory in use.
ENERGY:   28000         0.6545         6.5273         0.9088         0.0000              4.2555        -0.3012         0.0000         0.0000         8.9854             21.0304       282.6051        12.0450        21.1286       301.8337

LDB: ============= START OF LOAD BALANCING ============== 0.581502
LDB: ============== END OF LOAD BALANCING =============== 0.581516
LDB: =============== DONE WITH MIGRATION ================ 0.581606
LDB: ============= START OF LOAD BALANCING ============== 0.583
LDB: ============== END OF LOAD BALANCING =============== 0.583007
LDB: =============== DONE WITH MIGRATION ================ 0.583059
ENERGY:   28500         0.2255         4.4056         0.8337         0.0000              3.8983         0.3963         0.0000         0.0000         9.4692             19.2285       297.8198         9.7593        19.2945       263.0991

TIMING: 29000  CPU: 0.419299, 1.6004e-05/step  Wall: 0.419736, 1.4143e-05/step, 8.25008e-05 hours remaining, 92.183594 MB of memory in use.
ENERGY:   29000         0.5894         7.1876         2.5945         0.0000              4.0367        -0.0821         0.0000         0.0000         8.9485             23.2747       281.4444        14.3262        23.4785       320.2923

ENERGY:   29500         0.4276         7.6652         1.2967         0.0000              4.2877        -0.2906         0.0000         0.0000         9.4963             22.8829       298.6723        13.3866        23.0252       320.5309

TIMING: 30000  CPU: 0.431299, 1.2e-05/step  Wall: 0.435038, 1.53019e-05/step, 8.50108e-05 hours remaining, 92.183594 MB of memory in use.
ETITLE:      TS           BOND          ANGLE          DIHED          IMPRP               ELECT            VDW       BOUNDARY           MISC        KINETIC               TOTAL           TEMP      POTENTIAL         TOTAL3        TEMPAVG

ENERGY:   30000         0.1076         5.7479         0.4925         0.0000              4.3572        -0.4842         0.0000         0.0000        10.1754             20.3964       320.0305        10.2210        20.6466       284.0619

WRITING EXTENDED SYSTEM TO RESTART FILE AT STEP 30000
WRITING COORDINATES TO DCD FILE finalbutaunsol.dcd AT STEP 30000
WRITING COORDINATES TO RESTART FILE AT STEP 30000
FINISHED WRITING RESTART COORDINATES
WRITING VELOCITIES TO RESTART FILE AT STEP 30000
FINISHED WRITING RESTART VELOCITIES
ENERGY:   30500         1.5099         8.5730         1.1074         0.0000              4.3878        -0.2399         0.0000         0.0000         7.1502             22.4884       224.8844        15.3382        22.5374       287.8962

TIMING: 31000  CPU: 0.447299, 1.6e-05/step  Wall: 0.448901, 1.38631e-05/step, 7.31663e-05 hours remaining, 92.183594 MB of memory in use.
ENERGY:   31000         0.3913         6.7844         1.6776         0.0000              4.5163        -0.0989         0.0000         0.0000         9.6664             22.9371       304.0210        13.2707        22.8828       291.3764

ENERGY:   31500         0.4078         7.3111         1.7051         0.0000              4.0896         0.2028         0.0000         0.0000         8.2693             21.9857       260.0809        13.7164        22.0042       307.1866

TIMING: 32000  CPU: 0.459301, 1.2002e-05/step  Wall: 0.462389, 1.34878e-05/step, 6.74391e-05 hours remaining, 92.183594 MB of memory in use.
ENERGY:   32000         0.7667         3.2359         2.2608         0.0000              4.0864        -0.2826         0.0000         0.0000         7.9075             17.9747       248.7014        10.0673        18.1579       297.6182

LDB: ============= START OF LOAD BALANCING ============== 0.638353
LDB: ============== END OF LOAD BALANCING =============== 0.638375
LDB: =============== DONE WITH MIGRATION ================ 0.638457
LDB: ============= START OF LOAD BALANCING ============== 0.639867
LDB: ============== END OF LOAD BALANCING =============== 0.639874
LDB: =============== DONE WITH MIGRATION ================ 0.639922
ENERGY:   32500         0.2740         4.8658         1.2339         0.0000              4.3179        -0.5034         0.0000         0.0000         6.5586             16.7466       206.2779        10.1880        16.8673       223.8539

WRITING EXTENDED SYSTEM TO RESTART FILE AT STEP 32500
WRITING COORDINATES TO DCD FILE finalbutaunsol.dcd AT STEP 32500
WRITING COORDINATES TO RESTART FILE AT STEP 32500
FINISHED WRITING RESTART COORDINATES
WRITING VELOCITIES TO RESTART FILE AT STEP 32500
FINISHED WRITING RESTART VELOCITIES
TIMING: 33000  CPU: 0.475302, 1.6001e-05/step  Wall: 0.476419, 1.40302e-05/step, 6.62538e-05 hours remaining, 92.183594 MB of memory in use.
ENERGY:   33000         0.5369         2.4904         1.6742         0.0000              4.2975        -0.0905         0.0000         0.0000         5.2714             14.1801       165.7940         8.9087        14.2409       183.2666

ENERGY:   33500         0.6683         3.8179         0.2196         0.0000              4.1749         0.2013         0.0000         0.0000         6.3219             15.4038       198.8322         9.0819        15.5132       175.8093

TIMING: 34000  CPU: 0.487303, 1.2001e-05/step  Wall: 0.489894, 1.34749e-05/step, 5.98886e-05 hours remaining, 92.183594 MB of memory in use.
ENERGY:   34000         0.4142         3.3167         0.3897         0.0000              4.0923         0.1132         0.0000         0.0000         5.3452             13.6712       168.1146         8.3260        13.7678       169.2740

ENERGY:   34500         0.3026         2.3437         0.1999         0.0000              4.1676        -0.2680         0.0000         0.0000         9.3277             16.0734       293.3691         6.7457        16.1731       167.5474

TIMING: 35000  CPU: 0.503306, 1.6003e-05/step  Wall: 0.504858, 1.49639e-05/step, 6.23494e-05 hours remaining, 92.183594 MB of memory in use.
ETITLE:      TS           BOND          ANGLE          DIHED          IMPRP               ELECT            VDW       BOUNDARY           MISC        KINETIC               TOTAL           TEMP      POTENTIAL         TOTAL3        TEMPAVG

ENERGY:   35000         0.0776         5.6753         0.3155         0.0000              4.1749        -0.3678         0.0000         0.0000         7.6999             17.5754       242.1727         9.8755        17.7318       255.0855

WRITING EXTENDED SYSTEM TO RESTART FILE AT STEP 35000
WRITING COORDINATES TO DCD FILE finalbutaunsol.dcd AT STEP 35000
WRITING COORDINATES TO RESTART FILE AT STEP 35000
FINISHED WRITING RESTART COORDINATES
WRITING VELOCITIES TO RESTART FILE AT STEP 35000
FINISHED WRITING RESTART VELOCITIES
ENERGY:   35500         0.2118         7.0146         0.2361         0.0000              4.2789        -0.1823         0.0000         0.0000         8.2404             19.7995       259.1723        11.5591        19.8590       243.2815

TIMING: 36000  CPU: 0.515306, 1.2e-05/step  Wall: 0.518694, 1.38361e-05/step, 5.38072e-05 hours remaining, 92.183594 MB of memory in use.
ENERGY:   36000         0.1226         3.7566         1.5988         0.0000              4.1737        -0.4501         0.0000         0.0000        10.1986             19.4003       320.7609         9.2017        19.4849       281.9070

LDB: ============= START OF LOAD BALANCING ============== 0.694622
LDB: ============== END OF LOAD BALANCING =============== 0.694634
LDB: =============== DONE WITH MIGRATION ================ 0.694705
LDB: ============= START OF LOAD BALANCING ============== 0.696109
LDB: ============== END OF LOAD BALANCING =============== 0.696116
LDB: =============== DONE WITH MIGRATION ================ 0.696167
ENERGY:   36500         0.4883         5.7729         0.8182         0.0000              4.0629        -0.3035         0.0000         0.0000         7.0692             17.9081       222.3376        10.8388        17.9442       231.9202

TIMING: 37000  CPU: 0.531311, 1.6005e-05/step  Wall: 0.533735, 1.50409e-05/step, 5.43143e-05 hours remaining, 92.183594 MB of memory in use.
ENERGY:   37000         1.1033         8.7884         0.3797         0.0000              4.2418        -0.3502         0.0000         0.0000         6.7532             20.9161       212.3974        14.1630        20.9284       265.2790

ENERGY:   37500         1.5842         7.4998         1.1228         0.0000              4.0427        -0.5411         0.0000         0.0000         8.2816             21.9901       260.4691        13.7085        22.2111       295.7999

WRITING EXTENDED SYSTEM TO RESTART FILE AT STEP 37500
WRITING COORDINATES TO DCD FILE finalbutaunsol.dcd AT STEP 37500
WRITING COORDINATES TO RESTART FILE AT STEP 37500
FINISHED WRITING RESTART COORDINATES
WRITING VELOCITIES TO RESTART FILE AT STEP 37500
FINISHED WRITING RESTART VELOCITIES
TIMING: 38000  CPU: 0.547311, 1.6e-05/step  Wall: 0.547741, 1.40061e-05/step, 4.66871e-05 hours remaining, 92.183594 MB of memory in use.
ENERGY:   38000         0.4584         4.8263         0.1943         0.0000              4.1979        -0.2223         0.0000         0.0000        10.2673             19.7218       322.9208         9.4545        19.8921       303.1175

ENERGY:   38500         0.5226         4.2668         0.1855         0.0000              4.1360        -0.2712         0.0000         0.0000         9.6763             18.5160       304.3338         8.8397        18.7430       224.1911

TIMING: 39000  CPU: 0.55931, 1.1999e-05/step  Wall: 0.561251, 1.351e-05/step, 4.12805e-05 hours remaining, 92.183594 MB of memory in use.
ENERGY:   39000         0.1962         7.1781         0.2619         0.0000              4.3714        -0.3755         0.0000         0.0000         4.3531             15.9852       136.9123        11.6321        16.0208       209.1183

ENERGY:   39500         0.1577         6.4113         0.9915         0.0000              4.4988        -0.5004         0.0000         0.0000        10.5241             22.0831       330.9993        11.5589        22.2539       228.2777

TIMING: 40000  CPU: 0.571312, 1.2002e-05/step  Wall: 0.574922, 1.36709e-05/step, 3.79748e-05 hours remaining, 92.183594 MB of memory in use.
ETITLE:      TS           BOND          ANGLE          DIHED          IMPRP               ELECT            VDW       BOUNDARY           MISC        KINETIC               TOTAL           TEMP      POTENTIAL         TOTAL3        TEMPAVG

ENERGY:   40000         1.2533         4.2305         2.8011         0.0000              4.3844        -0.4453         0.0000         0.0000        12.3496             24.5736       388.4137        12.2240        24.8231       347.0404

WRITING EXTENDED SYSTEM TO RESTART FILE AT STEP 40000
WRITING COORDINATES TO DCD FILE finalbutaunsol.dcd AT STEP 40000
WRITING COORDINATES TO RESTART FILE AT STEP 40000
FINISHED WRITING RESTART COORDINATES
WRITING VELOCITIES TO RESTART FILE AT STEP 40000
FINISHED WRITING RESTART VELOCITIES
LDB: ============= START OF LOAD BALANCING ============== 0.751586
LDB: ============== END OF LOAD BALANCING =============== 0.751603
LDB: =============== DONE WITH MIGRATION ================ 0.75169
LDB: ============= START OF LOAD BALANCING ============== 0.753365
LDB: ============== END OF LOAD BALANCING =============== 0.753372
LDB: =============== DONE WITH MIGRATION ================ 0.753424
ENERGY:   40500         0.7191         7.5492         0.5918         0.0000              4.6002         0.0042         0.0000         0.0000         6.7209             20.1855       211.3818        13.4646        20.3129       284.2037

TIMING: 41000  CPU: 0.587313, 1.6001e-05/step  Wall: 0.589785, 1.4863e-05/step, 3.71575e-05 hours remaining, 92.183594 MB of memory in use.
ENERGY:   41000         0.6456         6.2398         1.3116         0.0000              4.4083        -0.2492         0.0000         0.0000         9.7066             22.0626       305.2850        12.3561        22.1257       283.5767

ENERGY:   41500         0.1531         5.8834         2.3000         0.0000              4.1336        -0.0876         0.0000         0.0000        11.1995             23.5821       352.2405        12.3826        23.7840       342.5637

TIMING: 42000  CPU: 0.603315, 1.6002e-05/step  Wall: 0.603441, 1.36559e-05/step, 3.03464e-05 hours remaining, 92.183594 MB of memory in use.
ENERGY:   42000         0.0753         4.1536         1.6615         0.0000              4.1174        -0.2614         0.0000         0.0000         8.9351             18.6816       281.0208         9.7465        18.8054       302.6693

ENERGY:   42500         0.6498         8.5540         1.6188         0.0000              4.4526        -0.1755         0.0000         0.0000         8.0283             23.1279       252.5004        15.0997        23.1612       284.5916

WRITING EXTENDED SYSTEM TO RESTART FILE AT STEP 42500
WRITING COORDINATES TO DCD FILE finalbutaunsol.dcd AT STEP 42500
WRITING COORDINATES TO RESTART FILE AT STEP 42500
FINISHED WRITING RESTART COORDINATES
WRITING VELOCITIES TO RESTART FILE AT STEP 42500
FINISHED WRITING RESTART VELOCITIES
TIMING: 43000  CPU: 0.615316, 1.2001e-05/step  Wall: 0.617394, 1.39532e-05/step, 2.71312e-05 hours remaining, 92.183594 MB of memory in use.
ENERGY:   43000         0.0151         5.3913         1.3168         0.0000              4.3131        -0.2792         0.0000         0.0000        10.1203             20.8774       318.2978        10.7571        21.1538       301.1681

ENERGY:   43500         0.3750         4.3420         1.5013         0.0000              4.1259        -0.3469         0.0000         0.0000        14.5168             24.5139       456.5727         9.9972        24.6937       312.3427

TIMING: 44000  CPU: 0.631318, 1.6002e-05/step  Wall: 0.631882, 1.4488e-05/step, 2.41466e-05 hours remaining, 92.183594 MB of memory in use.
ENERGY:   44000         0.7343         5.9351         1.9404         0.0000              4.0574        -0.2576         0.0000         0.0000        10.0668             22.4764       316.6138        12.4097        22.6521       359.0511

LDB: ============= START OF LOAD BALANCING ============== 0.807813
LDB: ============== END OF LOAD BALANCING =============== 0.807829
LDB: =============== DONE WITH MIGRATION ================ 0.807902
LDB: ============= START OF LOAD BALANCING ============== 0.809304
LDB: ============== END OF LOAD BALANCING =============== 0.80931
LDB: =============== DONE WITH MIGRATION ================ 0.809359
ENERGY:   44500         0.2385         3.9013         0.6973         0.0000              4.2798        -0.3686         0.0000         0.0000        11.8766             20.6249       373.5346         8.7483        20.9132       306.6324

TIMING: 45000  CPU: 0.64332, 1.2002e-05/step  Wall: 0.645634, 1.3752e-05/step, 1.91e-05 hours remaining, 92.183594 MB of memory in use.
ETITLE:      TS           BOND          ANGLE          DIHED          IMPRP               ELECT            VDW       BOUNDARY           MISC        KINETIC               TOTAL           TEMP      POTENTIAL         TOTAL3        TEMPAVG

ENERGY:   45000         0.8730         4.3480         0.3912         0.0000              4.5433        -0.1637         0.0000         0.0000        10.7860             20.7779       339.2365         9.9918        20.8814       297.7634

WRITING EXTENDED SYSTEM TO RESTART FILE AT STEP 45000
WRITING COORDINATES TO DCD FILE finalbutaunsol.dcd AT STEP 45000
WRITING COORDINATES TO RESTART FILE AT STEP 45000
FINISHED WRITING RESTART COORDINATES
WRITING VELOCITIES TO RESTART FILE AT STEP 45000
FINISHED WRITING RESTART VELOCITIES
ENERGY:   45500         0.8449         9.5157         0.7274         0.0000              4.7697        -0.6158         0.0000         0.0000         6.2587             21.5005       196.8444        15.2418        21.5427       252.0407

TIMING: 46000  CPU: 0.659323, 1.6003e-05/step  Wall: 0.659774, 1.41399e-05/step, 1.5711e-05 hours remaining, 92.183594 MB of memory in use.
ENERGY:   46000         0.3132         7.6414         0.5862         0.0000              4.6367        -0.1390         0.0000         0.0000         9.0917             22.1301       285.9475        13.0384        22.2323       272.4975

ENERGY:   46500         0.4666         8.0606         0.8373         0.0000              4.6933        -0.5334         0.0000         0.0000         9.0522             22.5767       284.7059        13.5244        22.7735       302.7485

TIMING: 47000  CPU: 0.675322, 1.5999e-05/step  Wall: 0.676974, 1.72e-05/step, 1.43333e-05 hours remaining, 92.183594 MB of memory in use.
ENERGY:   47000         0.7374         8.3194         0.5421         0.0000              4.6353        -0.6833         0.0000         0.0000        10.9724             24.5233       345.0980        13.5509        24.6189       325.1121

ENERGY:   47500         0.7698         6.8238         0.8206         0.0000              4.7621        -0.5717         0.0000         0.0000         8.2740             20.8785       260.2282        12.6045        20.9943       314.1358

WRITING EXTENDED SYSTEM TO RESTART FILE AT STEP 47500
WRITING COORDINATES TO DCD FILE finalbutaunsol.dcd AT STEP 47500
WRITING COORDINATES TO RESTART FILE AT STEP 47500
FINISHED WRITING RESTART COORDINATES
WRITING VELOCITIES TO RESTART FILE AT STEP 47500
FINISHED WRITING RESTART VELOCITIES
TIMING: 48000  CPU: 0.687323, 1.2001e-05/step  Wall: 0.690857, 1.38831e-05/step, 7.71284e-06 hours remaining, 92.183594 MB of memory in use.
ENERGY:   48000         0.5915         6.3342         0.4464         0.0000              4.7498        -0.4465         0.0000         0.0000         9.0288             20.7043       283.9697        11.6754        20.8678       269.6277

LDB: ============= START OF LOAD BALANCING ============== 0.86706
LDB: ============== END OF LOAD BALANCING =============== 0.867089
LDB: =============== DONE WITH MIGRATION ================ 0.86717
LDB: ============= START OF LOAD BALANCING ============== 0.86857
LDB: ============== END OF LOAD BALANCING =============== 0.868576
LDB: =============== DONE WITH MIGRATION ================ 0.868624
ENERGY:   48500         0.9744         9.2819         0.5157         0.0000              4.6243        -0.5684         0.0000         0.0000         7.4038             22.2318       232.8594        14.8280        22.2343       281.1572

TIMING: 49000  CPU: 0.703325, 1.6002e-05/step  Wall: 0.70484, 1.3983e-05/step, 3.88417e-06 hours remaining, 92.183594 MB of memory in use.
ENERGY:   49000         0.1115         7.5930         0.4111         0.0000              4.1365        -0.2820         0.0000         0.0000         8.5806             20.5507       269.8722        11.9701        20.5852       303.8251

ENERGY:   49500         0.1277         3.6169         0.5364         0.0000              4.3388        -0.6434         0.0000         0.0000         9.7358             17.7123       306.2059         7.9764        17.8900       258.1011

TIMING: 50000  CPU: 0.715325, 1.2e-05/step  Wall: 0.718352, 1.35119e-05/step, 0 hours remaining, 92.183594 MB of memory in use.
ETITLE:      TS           BOND          ANGLE          DIHED          IMPRP               ELECT            VDW       BOUNDARY           MISC        KINETIC               TOTAL           TEMP      POTENTIAL         TOTAL3        TEMPAVG

ENERGY:   50000         0.7654         3.2759         1.4627         0.0000              4.0185        -0.0682         0.0000         0.0000        10.4180             19.8722       327.6597         9.4543        20.0575       251.0676

WRITING EXTENDED SYSTEM TO RESTART FILE AT STEP 50000
WRITING COORDINATES TO DCD FILE finalbutaunsol.dcd AT STEP 50000
WRITING COORDINATES TO RESTART FILE AT STEP 50000
FINISHED WRITING RESTART COORDINATES
WRITING VELOCITIES TO RESTART FILE AT STEP 50000
FINISHED WRITING RESTART VELOCITIES
WRITING EXTENDED SYSTEM TO OUTPUT FILE AT STEP 50000
CLOSING EXTENDED SYSTEM TRAJECTORY FILE
WRITING COORDINATES TO OUTPUT FILE AT STEP 50000
CLOSING COORDINATE DCD FILE finalbutaunsol.dcd
WRITING VELOCITIES TO OUTPUT FILE AT STEP 50000
====================================================

WallClock: 1.262215  CPUTime: 0.891573  Memory: 92.183594 MB
[Partition 0][Node 0] End of program
